<?xml version="1.0" encoding="UTF-8"?>
<testng-results ignored="0" total="1" passed="1" failed="0" skipped="0">
  <reporter-output>
  </reporter-output>
  <suite started-at="2023-08-06T11:19:12 IST" name="Default suite" finished-at="2023-08-06T11:19:53 IST" duration-ms="41762">
    <groups>
    </groups>
    <test started-at="2023-08-06T11:19:12 IST" name="Default test" finished-at="2023-08-06T11:19:53 IST" duration-ms="41762">
      <class name="endtoendtestcase.MyBook">
        <test-method is-config="true" signature="openBrowser()[pri:0, instance:endtoendtestcase.MyBook@1e0b4072]" started-at="2023-08-06T11:19:12 IST" name="openBrowser" finished-at="2023-08-06T11:19:17 IST" duration-ms="5606" status="PASS">
          <reporter-output>
          </reporter-output>
        </test-method> <!-- openBrowser -->
        <test-method is-config="true" signature="login()[pri:0, instance:endtoendtestcase.MyBook@1e0b4072]" started-at="2023-08-06T11:19:17 IST" name="login" finished-at="2023-08-06T11:19:28 IST" duration-ms="10928" status="PASS">
          <reporter-output>
          </reporter-output>
        </test-method> <!-- login -->
        <test-method signature="testAddAndRemoveBook()[pri:0, instance:endtoendtestcase.MyBook@1e0b4072]" started-at="2023-08-06T11:19:28 IST" name="testAddAndRemoveBook" finished-at="2023-08-06T11:19:48 IST" duration-ms="20181" status="PASS">
          <reporter-output>
          </reporter-output>
        </test-method> <!-- testAddAndRemoveBook -->
        <test-method is-config="true" signature="logout()[pri:0, instance:endtoendtestcase.MyBook@1e0b4072]" started-at="2023-08-06T11:19:48 IST" name="logout" finished-at="2023-08-06T11:19:53 IST" duration-ms="4607" status="PASS">
          <reporter-output>
          </reporter-output>
        </test-method> <!-- logout -->
        <test-method is-config="true" signature="closeBrowser()[pri:0, instance:endtoendtestcase.MyBook@1e0b4072]" started-at="2023-08-06T11:19:53 IST" name="closeBrowser" finished-at="2023-08-06T11:19:53 IST" duration-ms="397" status="PASS">
          <reporter-output>
          </reporter-output>
        </test-method> <!-- closeBrowser -->
      </class> <!-- endtoendtestcase.MyBook -->
    </test> <!-- Default test -->
  </suite> <!-- Default suite -->
</testng-results>
